<?xml version="1.0" encoding="UTF-8"?>
<testng-results ignored="0" total="1" passed="1" failed="0" skipped="0">
  <reporter-output>
  </reporter-output>
  <suite started-at="2023-01-18T13:05:44 IST" name="Default suite" finished-at="2023-01-18T13:05:44 IST" duration-ms="43">
    <groups>
    </groups>
    <test started-at="2023-01-18T13:05:44 IST" name="Default test" finished-at="2023-01-18T13:05:44 IST" duration-ms="43">
      <class name="Maven_Practice.Createtest1">
        <test-method signature="create()[pri:0, instance:Maven_Practice.Createtest1@223aa2f7]" started-at="2023-01-18T13:05:44 IST" name="create" finished-at="2023-01-18T13:05:44 IST" duration-ms="10" status="PASS">
          <reporter-output>
          </reporter-output>
        </test-method> <!-- create -->
      </class> <!-- Maven_Practice.Createtest1 -->
    </test> <!-- Default test -->
  </suite> <!-- Default suite -->
</testng-results>
